[0.267s] DEBUG:colcon:Command line arguments: ['/usr/bin/colcon', 'list', '-p', '--base-paths', '/home/mike/Documents/av_ws/src/mike_av_stack_localization']
[0.267s] DEBUG:colcon:Parsed command line arguments: Namespace(allow_overriding=[], base_paths=['/home/mike/Documents/av_ws/src/mike_av_stack_localization'], build_base='build', ignore_user_meta=False, log_base=None, log_level=None, main=<bound method ListVerb.main of <colcon_package_information.verb.list.ListVerb object at 0x7f0af0180910>>, metas=['./colcon.meta'], mixin=None, mixin_files=None, mixin_verb=('list',), names_only=False, packages_above=None, packages_above_and_dependencies=None, packages_above_depth=None, packages_end=None, packages_ignore=None, packages_ignore_regex=None, packages_select=None, packages_select_build_failed=False, packages_select_by_dep=None, packages_select_regex=None, packages_select_test_failures=False, packages_skip=None, packages_skip_build_finished=False, packages_skip_by_dep=None, packages_skip_regex=None, packages_skip_test_passed=False, packages_skip_up_to=None, packages_start=None, packages_up_to=None, packages_up_to_regex=None, paths=None, paths_only=True, topological_graph=False, topological_graph_density=False, topological_graph_dot=False, topological_graph_dot_cluster=False, topological_graph_dot_include_skipped=False, topological_graph_legend=False, topological_order=False, verb_extension=<colcon_package_information.verb.list.ListVerb object at 0x7f0af0180910>, verb_name='list', verb_parser=<colcon_mixin.mixin.mixin_argument.MixinArgumentDecorator object at 0x7f0af00715e0>)
[0.324s] Level 1:colcon.colcon_core.package_discovery:discover_packages(colcon_meta) check parameters
[0.325s] Level 1:colcon.colcon_core.package_discovery:discover_packages(recursive) check parameters
[0.325s] Level 1:colcon.colcon_core.package_discovery:discover_packages(ignore) check parameters
[0.325s] Level 1:colcon.colcon_core.package_discovery:discover_packages(path) check parameters
[0.325s] Level 1:colcon.colcon_core.package_discovery:discover_packages(recursive) discover
[0.325s] INFO:colcon.colcon_core.package_discovery:Crawling recursively for packages in '/home/mike/Documents/av_ws/src/mike_av_stack_localization'
[0.325s] Level 1:colcon.colcon_core.package_identification:_identify(/home/mike/Documents/av_ws/src/mike_av_stack_localization) by extensions ['ignore', 'ignore_ament_install']
[0.325s] Level 1:colcon.colcon_core.package_identification:_identify(/home/mike/Documents/av_ws/src/mike_av_stack_localization) by extension 'ignore'
[0.325s] Level 1:colcon.colcon_core.package_identification:_identify(/home/mike/Documents/av_ws/src/mike_av_stack_localization) by extension 'ignore_ament_install'
[0.325s] Level 1:colcon.colcon_core.package_identification:_identify(/home/mike/Documents/av_ws/src/mike_av_stack_localization) by extensions ['colcon_pkg']
[0.325s] Level 1:colcon.colcon_core.package_identification:_identify(/home/mike/Documents/av_ws/src/mike_av_stack_localization) by extension 'colcon_pkg'
[0.325s] Level 1:colcon.colcon_core.package_identification:_identify(/home/mike/Documents/av_ws/src/mike_av_stack_localization) by extensions ['colcon_meta']
[0.325s] Level 1:colcon.colcon_core.package_identification:_identify(/home/mike/Documents/av_ws/src/mike_av_stack_localization) by extension 'colcon_meta'
[0.326s] Level 1:colcon.colcon_core.package_identification:_identify(/home/mike/Documents/av_ws/src/mike_av_stack_localization) by extensions ['ros']
[0.326s] Level 1:colcon.colcon_core.package_identification:_identify(/home/mike/Documents/av_ws/src/mike_av_stack_localization) by extension 'ros'
[0.344s] Level 1:colcon.colcon_core.package_identification:_identify(/home/mike/Documents/av_ws/src/mike_av_stack_localization) by extensions ['cmake', 'python']
[0.344s] Level 1:colcon.colcon_core.package_identification:_identify(/home/mike/Documents/av_ws/src/mike_av_stack_localization) by extension 'cmake'
[0.344s] Level 1:colcon.colcon_core.package_identification:_identify(/home/mike/Documents/av_ws/src/mike_av_stack_localization) by extension 'python'
[0.344s] Level 1:colcon.colcon_core.package_identification:_identify(/home/mike/Documents/av_ws/src/mike_av_stack_localization) by extensions ['python_setup_py']
[0.344s] Level 1:colcon.colcon_core.package_identification:_identify(/home/mike/Documents/av_ws/src/mike_av_stack_localization) by extension 'python_setup_py'
[0.344s] Level 1:colcon.colcon_core.package_identification:_identify(/home/mike/Documents/av_ws/src/mike_av_stack_localization/log) by extensions ['ignore', 'ignore_ament_install']
[0.344s] Level 1:colcon.colcon_core.package_identification:_identify(/home/mike/Documents/av_ws/src/mike_av_stack_localization/log) by extension 'ignore'
[0.345s] Level 1:colcon.colcon_core.package_identification:_identify(/home/mike/Documents/av_ws/src/mike_av_stack_localization/log) ignored
[0.345s] Level 1:colcon.colcon_core.package_identification:_identify(/home/mike/Documents/av_ws/src/mike_av_stack_localization/src) by extensions ['ignore', 'ignore_ament_install']
[0.345s] Level 1:colcon.colcon_core.package_identification:_identify(/home/mike/Documents/av_ws/src/mike_av_stack_localization/src) by extension 'ignore'
[0.345s] Level 1:colcon.colcon_core.package_identification:_identify(/home/mike/Documents/av_ws/src/mike_av_stack_localization/src) by extension 'ignore_ament_install'
[0.345s] Level 1:colcon.colcon_core.package_identification:_identify(/home/mike/Documents/av_ws/src/mike_av_stack_localization/src) by extensions ['colcon_pkg']
[0.345s] Level 1:colcon.colcon_core.package_identification:_identify(/home/mike/Documents/av_ws/src/mike_av_stack_localization/src) by extension 'colcon_pkg'
[0.345s] Level 1:colcon.colcon_core.package_identification:_identify(/home/mike/Documents/av_ws/src/mike_av_stack_localization/src) by extensions ['colcon_meta']
[0.345s] Level 1:colcon.colcon_core.package_identification:_identify(/home/mike/Documents/av_ws/src/mike_av_stack_localization/src) by extension 'colcon_meta'
[0.345s] Level 1:colcon.colcon_core.package_identification:_identify(/home/mike/Documents/av_ws/src/mike_av_stack_localization/src) by extensions ['ros']
[0.345s] Level 1:colcon.colcon_core.package_identification:_identify(/home/mike/Documents/av_ws/src/mike_av_stack_localization/src) by extension 'ros'
[0.345s] Level 1:colcon.colcon_core.package_identification:_identify(/home/mike/Documents/av_ws/src/mike_av_stack_localization/src) by extensions ['cmake', 'python']
[0.345s] Level 1:colcon.colcon_core.package_identification:_identify(/home/mike/Documents/av_ws/src/mike_av_stack_localization/src) by extension 'cmake'
[0.345s] Level 1:colcon.colcon_core.package_identification:_identify(/home/mike/Documents/av_ws/src/mike_av_stack_localization/src) by extension 'python'
[0.345s] Level 1:colcon.colcon_core.package_identification:_identify(/home/mike/Documents/av_ws/src/mike_av_stack_localization/src) by extensions ['python_setup_py']
[0.345s] Level 1:colcon.colcon_core.package_identification:_identify(/home/mike/Documents/av_ws/src/mike_av_stack_localization/src) by extension 'python_setup_py'
[0.346s] Level 1:colcon.colcon_core.package_identification:_identify(/home/mike/Documents/av_ws/src/mike_av_stack_localization/src/mike_av_stack) by extensions ['ignore', 'ignore_ament_install']
[0.346s] Level 1:colcon.colcon_core.package_identification:_identify(/home/mike/Documents/av_ws/src/mike_av_stack_localization/src/mike_av_stack) by extension 'ignore'
[0.346s] Level 1:colcon.colcon_core.package_identification:_identify(/home/mike/Documents/av_ws/src/mike_av_stack_localization/src/mike_av_stack) by extension 'ignore_ament_install'
[0.346s] Level 1:colcon.colcon_core.package_identification:_identify(/home/mike/Documents/av_ws/src/mike_av_stack_localization/src/mike_av_stack) by extensions ['colcon_pkg']
[0.346s] Level 1:colcon.colcon_core.package_identification:_identify(/home/mike/Documents/av_ws/src/mike_av_stack_localization/src/mike_av_stack) by extension 'colcon_pkg'
[0.346s] Level 1:colcon.colcon_core.package_identification:_identify(/home/mike/Documents/av_ws/src/mike_av_stack_localization/src/mike_av_stack) by extensions ['colcon_meta']
[0.346s] Level 1:colcon.colcon_core.package_identification:_identify(/home/mike/Documents/av_ws/src/mike_av_stack_localization/src/mike_av_stack) by extension 'colcon_meta'
[0.346s] Level 1:colcon.colcon_core.package_identification:_identify(/home/mike/Documents/av_ws/src/mike_av_stack_localization/src/mike_av_stack) by extensions ['ros']
[0.346s] Level 1:colcon.colcon_core.package_identification:_identify(/home/mike/Documents/av_ws/src/mike_av_stack_localization/src/mike_av_stack) by extension 'ros'
[0.348s] DEBUG:colcon.colcon_core.package_identification:Package '/home/mike/Documents/av_ws/src/mike_av_stack_localization/src/mike_av_stack' with type 'ros.catkin' and name 'mike_av_stack'
[0.349s] Level 1:colcon.colcon_core.package_discovery:discover_packages(recursive) using defaults
